<?xml version="1.0" encoding="utf-8" standalone="no"?>
<test-results  xmlns:xsi="http://www.w3.org/2001/XMLSchema-instance" xsi:noNamespaceSchemaLocation="nunit_schema_2.5.xsd" name="Pester" total="328" errors="0" failures="6" not-run="0" inconclusive="0" ignored="0" skipped="0" invalid="0" date="2014-09-02" time="22:29:35">
	<environment nunit-version="2.5.8.0" clr-version="2.0.50727.1433" os-version="6.3.9600" platform="Microsoft Windows Server 2012 R2 Datacenter|C:\Windows|\Device\Harddisk0\Partition1" cwd="C:\projects\chocolatey" machine-name="APPVYR-WIN20122" user="SYSTEM" user-domain="APPVYR-WIN20122" /> <culture-info current-culture="" current-uiculture="" />
	<test-suite type="Powershell" name="Chocolatey-Install" executed="True" result="Success" success="True" time="0.4741267" asserts="0"> <results> 		<test-case name="should send params to Chocolatey-NuGet" executed="True" result="Success" success="True" time="0.0724102" asserts="0" /> <test-case name="should not call Chocolatey-PackagesConfig" executed="True" result="Success" success="True" time="0.1101953" asserts="0" /> <test-case name="should not call Chocolatey-WebPI" executed="True" result="Success" success="True" time="0.008823" asserts="0" /> <test-case name="should not call Chocolatey-WindowsFeatures" executed="True" result="Success" success="True" time="0.0084339" asserts="0" /> <test-case name="should not call Chocolatey-RubyGem" executed="True" result="Success" success="True" time="0.0039765" asserts="0" /> <test-case name="should call Chocolatey-NuGet" executed="True" result="Success" success="True" time="0.0407847" asserts="0" /> <test-case name="should not call Chocolatey-PackagesConfig" executed="True" result="Success" success="True" time="0.0023077" asserts="0" /> <test-case name="should not call Chocolatey-WebPI" executed="True" result="Success" success="True" time="0.0081993" asserts="0" /> <test-case name="should not call Chocolatey-WindowsFeatures" executed="True" result="Success" success="True" time="0.0084735" asserts="0" /> <test-case name="should not call Chocolatey-RubyGem" executed="True" result="Success" success="True" time="0.008344" asserts="0" /> <test-case name="should call Chocolatey-NuGet" executed="True" result="Success" success="True" time="0.0172383" asserts="0" /> <test-case name="should call Chocolatey-PackagesConfig" executed="True" result="Success" success="True" time="0.0084594" asserts="0" /> <test-case name="should not call Chocolatey-WebPI" executed="True" result="Success" success="True" time="0.0081361" asserts="0" /> <test-case name="should not call Chocolatey-WindowsFeatures" executed="True" result="Success" success="True" time="0.0082364" asserts="0" /> <test-case name="should not call Chocolatey-RubyGem" executed="True" result="Success" success="True" time="0.0083852" asserts="0" /> <test-case name="should not call Chocolatey-NuGet" executed="True" result="Success" success="True" time="0.008383" asserts="0" /> <test-case name="should call Chocolatey-PackagesConfig" executed="True" result="Success" success="True" time="0.0085422" asserts="0" /> <test-case name="should not call Chocolatey-WebPI" executed="True" result="Success" success="True" time="0.0023151" asserts="0" /> <test-case name="should not call Chocolatey-WindowsFeatures" executed="True" result="Success" success="True" time="0.0081694" asserts="0" /> <test-case name="should not call Chocolatey-RubyGem" executed="True" result="Success" success="True" time="0.0097037" asserts="0" /> <test-case name="should not call Chocolatey-NuGet" executed="True" result="Success" success="True" time="0.0082193" asserts="0" /> <test-case name="should not call Chocolatey-PackagesConfig" executed="True" result="Success" success="True" time="0.0083185" asserts="0" /> <test-case name="should not call Chocolatey-WebPI" executed="True" result="Success" success="True" time="0.0081637" asserts="0" /> <test-case name="should not call Chocolatey-WindowsFeatures" executed="True" result="Success" success="True" time="0.0081602" asserts="0" /> <test-case name="should call Chocolatey-RubyGem" executed="True" result="Success" success="True" time="0.0109461" asserts="0" /> <test-case name="should not call Chocolatey-NuGet" executed="True" result="Success" success="True" time="0.0087179" asserts="0" /> <test-case name="should not call Chocolatey-PackagesConfig" executed="True" result="Success" success="True" time="0.008258" asserts="0" /> <test-case name="should call Chocolatey-WebPI" executed="True" result="Success" success="True" time="0.0095821" asserts="0" /> <test-case name="should not call Chocolatey-WindowsFeatures" executed="True" result="Success" success="True" time="0.0025057" asserts="0" /> <test-case name="should not call Chocolatey-RubyGem" executed="True" result="Success" success="True" time="0.0023878" asserts="0" /> <test-case name="should not call Chocolatey-NuGet" executed="True" result="Success" success="True" time="0.002323" asserts="0" /> <test-case name="should not call Chocolatey-PackagesConfig" executed="True" result="Success" success="True" time="0.0033231" asserts="0" /> <test-case name="should not call Chocolatey-WebPI" executed="True" result="Success" success="True" time="0.0082068" asserts="0" /> <test-case name="should call Chocolatey-WindowsFeatures" executed="True" result="Success" success="True" time="0.009364" asserts="0" /> <test-case name="should not call Chocolatey-RubyGem" executed="True" result="Success" success="True" time="0.008063" asserts="0" /> <test-case name="should not call Chocolatey-NuGet" executed="True" result="Success" success="True" time="0.0080706" asserts="0" /> 	</results> </test-suite> <test-suite type="Powershell" name="Chocolatey-InstallIfMissing" executed="True" result="Success" success="True" time="0.0503954" asserts="0"> <results> 		<test-case name="should not call Chocolatey-Version" executed="True" result="Success" success="True" time="0.0046197" asserts="0" /> <test-case name="should not call Chocolatey-Nuget" executed="True" result="Success" success="True" time="0.0024431" asserts="0" /> <test-case name="should call Chocolatey-Version" executed="True" result="Success" success="True" time="0.0189818" asserts="0" /> <test-case name="should call Chocolatey-Nuget" executed="True" result="Success" success="True" time="0.0195044" asserts="0" /> <test-case name="should call Chocolatey-Nuget" executed="True" result="Success" success="True" time="0.0026484" asserts="0" /> <test-case name="should not call Chocolatey-Nuget" executed="True" result="Success" success="True" time="0.002198" asserts="0" /> 	</results> </test-suite> <test-suite type="Powershell" name="Chocolatey-NuGet" executed="True" result="Success" success="True" time="0.007985" asserts="0"> <results> 		<test-case name="should call Run-NuGet" executed="True" result="Success" success="True" time="0.0012856" asserts="0" /> <test-case name="should call Chocolatey-InstallAll" executed="True" result="Success" success="True" time="0.0066994" asserts="0" /> 	</results> </test-suite> <test-suite type="Powershell" name="Chocolatey-PackagesConfig" executed="True" result="Success" success="True" time="0.2193865" asserts="0"> <results> 		<test-case name="should execute the contents of the packages.config" executed="True" result="Success" success="True" time="0.0002591" asserts="0" /> <test-case name="should call Chocolatey-Install" executed="True" result="Success" success="True" time="0.0129683" asserts="0" /> <test-case name="should not call Chocolatey-NuGet" executed="True" result="Success" success="True" time="0.0083723" asserts="0" /> <test-case name="should do nothing" executed="True" result="Success" success="True" time="0.0001349" asserts="0" /> <test-case name="should not call Chocolatey-Install" executed="True" result="Success" success="True" time="0.0023761" asserts="0" /> <test-case name="should not call Chocolatey-NuGet" executed="True" result="Success" success="True" time="0.0078325" asserts="0" /> <test-case name="should treat it like a packages.config" executed="True" result="Success" success="True" time="0.0001351" asserts="0" /> <test-case name="should call Chocolatey-Install" executed="True" result="Success" success="True" time="0.0014111" asserts="0" /> <test-case name="should not call Chocolatey-Nuget" executed="True" result="Success" success="True" time="0.0094885" asserts="0" /> <test-case name="should treat it like a regular package" executed="True" result="Success" success="True" time="0.0001352" asserts="0" /> <test-case name="should not call Chocolatey-Install" executed="True" result="Success" success="True" time="0.0021976" asserts="0" /> <test-case name="should call Chocolatey-NuGet" executed="True" result="Success" success="True" time="0.001403" asserts="0" /> <test-case name="should only call Chocolatey-Install on packages that have specified an Id" executed="True" result="Success" success="True" time="0.0001384" asserts="0" /> <test-case name="should not call Chocolatey-Install" executed="True" result="Success" success="True" time="0.0079872" asserts="0" /> <test-case name="should not call Chocolatey-NuGet" executed="True" result="Success" success="True" time="0.0079147" asserts="0" /> <test-case name="should error upon getting content" executed="True" result="Success" success="True" time="0.0001333" asserts="0" /> <test-case name="should return an error" executed="True" result="Success" success="True" time="0.0995421" asserts="0" /> <test-case name="should not call Chocolatey-Install" executed="True" result="Success" success="True" time="0.0078772" asserts="0" /> <test-case name="should not call Chocolatey-NuGet" executed="True" result="Success" success="True" time="0.0088722" asserts="0" /> <test-case name="should execute the contents of the packages.config" executed="True" result="Success" success="True" time="0.0001362" asserts="0" /> <test-case name="should call Chocolatey-Install" executed="True" result="Success" success="True" time="0.0071479" asserts="0" /> <test-case name="should not call Chocolatey-Nuget" executed="True" result="Success" success="True" time="0.0025059" asserts="0" /> <test-case name="should execute the contents of the packages.config" executed="True" result="Success" success="True" time="0.0001331" asserts="0" /> <test-case name="should call Chocolatey-Install" executed="True" result="Success" success="True" time="0.0013818" asserts="0" /> <test-case name="should not call Chocolatey-Nuget" executed="True" result="Success" success="True" time="0.0023279" asserts="0" /> <test-case name="should execute the contents of the packages.config" executed="True" result="Success" success="True" time="0.0001349" asserts="0" /> <test-case name="should call Chocolatey-Install" executed="True" result="Success" success="True" time="0.0012965" asserts="0" /> <test-case name="should not call Chocolatey-Nuget" executed="True" result="Success" success="True" time="0.0022111" asserts="0" /> <test-case name="should execute the contents of the packages.config" executed="True" result="Success" success="True" time="0.000139" asserts="0" /> <test-case name="should call Chocolatey-Install" executed="True" result="Success" success="True" time="0.0012938" asserts="0" /> <test-case name="should not call Chocolatey-Nuget" executed="True" result="Success" success="True" time="0.0080827" asserts="0" /> <test-case name="should execute the contents of the packages.config" executed="True" result="Success" success="True" time="0.00014" asserts="0" /> <test-case name="should call Chocolatey-Install" executed="True" result="Success" success="True" time="0.0071333" asserts="0" /> <test-case name="should not call Chocolatey-Nuget" executed="True" result="Success" success="True" time="0.00236" asserts="0" /> <test-case name="should execute the contents of the packages.config" executed="True" result="Success" success="True" time="0.0001343" asserts="0" /> <test-case name="should call Chocolatey-Install" executed="True" result="Success" success="True" time="0.0013189" asserts="0" /> <test-case name="should not call Chocolatey-Nuget" executed="True" result="Success" success="True" time="0.0023304" asserts="0" /> 	</results> </test-suite> <test-suite type="Powershell" name="Chocolatey-Uninstall" executed="True" result="Success" success="True" time="0.0269853" asserts="0"> <results> 		<test-case name="should return an error" executed="True" result="Success" success="True" time="0.0269853" asserts="0" /> 	</results> </test-suite> <test-suite type="Powershell" name="Chocolatey-Update" executed="True" result="Success" success="True" time="0.0002758" asserts="0"> <results> 		<test-case name="should not error" executed="True" result="Success" success="True" time="0.0001393" asserts="0" /> <test-case name="should not error" executed="True" result="Success" success="True" time="0.0001365" asserts="0" /> 	</results> </test-suite> <test-suite type="Powershell" name="Get-ChecksumValid" executed="True" result="Failure" success="False" time="0.194668" asserts="0"> <results> 		<test-case name="should not return an error" executed="True" result="Failure" success="False" time="0.1443834" asserts="0"> 	<failure> 		<message>Expected: value to be empty but it was {This command cannot be run due to the error: The system cannot find the file specified.}</message> 		<stack-trace>at line: 70 in C:\projects\chocolatey\tests\unit\Get-ChecksumValid.tests.ps1</stack-trace> 	</failure> </test-case> <test-case name="should not return an error" executed="True" result="Failure" success="False" time="0.0023139" asserts="0"> 	<failure> 		<message>Expected: value to be empty but it was {This command cannot be run due to the error: The system cannot find the file specified.}</message> 		<stack-trace>at line: 84 in C:\projects\chocolatey\tests\unit\Get-ChecksumValid.tests.ps1</stack-trace> 	</failure> </test-case> <test-case name="should default to md5 and validate against that" executed="True" result="Success" success="True" time="0.0001346" asserts="0" /> <test-case name="should not return an error" executed="True" result="Failure" success="False" time="0.0079465" asserts="0"> 	<failure> 		<message>Expected: value to be empty but it was {This command cannot be run due to the error: The system cannot find the file specified.}</message> 		<stack-trace>at line: 100 in C:\projects\chocolatey\tests\unit\Get-ChecksumValid.tests.ps1</stack-trace> 	</failure> </test-case> <test-case name="should error" executed="True" result="Success" success="True" time="0.001078" asserts="0" /> <test-case name="should error with the correct message" executed="True" result="Failure" success="False" time="0.0111454" asserts="0"> 	<failure> 		<message>Expected: {Checksum for C:\Users\appveyor\AppData\Local\Temp\pester\some\file.txt did not meet 234 for checksum type md5.}, But was {This command cannot be run due to the error: The system cannot find the file specified.}</message> 		<stack-trace>at line: 120 in C:\projects\chocolatey\tests\unit\Get-ChecksumValid.tests.ps1</stack-trace> 	</failure> </test-case> <test-case name="should error" executed="True" result="Success" success="True" time="0.0010268" asserts="0" /> <test-case name="should error with the correct message" executed="True" result="Failure" success="False" time="0.0025032" asserts="0"> 	<failure> 		<message>Expected: {Checksum for C:\Users\appveyor\AppData\Local\Temp\pester\some\file.txt did not meet 234 for checksum type sha1.}, But was {This command cannot be run due to the error: The system cannot find the file specified.}</message> 		<stack-trace>at line: 140 in C:\projects\chocolatey\tests\unit\Get-ChecksumValid.tests.ps1</stack-trace> 	</failure> </test-case> <test-case name="should error" executed="True" result="Success" success="True" time="0.001138" asserts="0" /> <test-case name="should error with message containing checksum type md5" executed="True" result="Failure" success="False" time="0.0022304" asserts="0"> 	<failure> 		<message>Expected: {Checksum for C:\Users\appveyor\AppData\Local\Temp\pester\some\file.txt did not meet 234 for checksum type md5.}, But was {This command cannot be run due to the error: The system cannot find the file specified.}</message> 		<stack-trace>at line: 160 in C:\projects\chocolatey\tests\unit\Get-ChecksumValid.tests.ps1</stack-trace> 	</failure> </test-case> <test-case name="should not error" executed="True" result="Success" success="True" time="0.0010258" asserts="0" /> <test-case name="should not call checksum to verify" executed="True" result="Success" success="True" time="0.0026833" asserts="0" /> <test-case name="should not error" executed="True" result="Success" success="True" time="0.0011441" asserts="0" /> <test-case name="should not call checksum to verify" executed="True" result="Success" success="True" time="0.0079801" asserts="0" /> <test-case name="should error" executed="True" result="Success" success="True" time="0.0065788" asserts="0" /> <test-case name="should error with the correct message" executed="True" result="Success" success="True" time="0.0013557" asserts="0" /> 	</results> </test-suite> <test-suite type="Powershell" name="Get-ChocolateyUnzip" executed="True" result="Success" success="True" time="0.0756984" asserts="0"> <results> 		<test-case name="should not return an error" executed="True" result="Success" success="True" time="0.002332" asserts="0" /> <test-case name="should extract files from the archive" executed="True" result="Success" success="True" time="0.0127819" asserts="0" /> <test-case name="should extract files with correct content" executed="True" result="Success" success="True" time="0.0083227" asserts="0" /> <test-case name="should not return an error" executed="True" result="Success" success="True" time="0.0009735" asserts="0" /> <test-case name="should create the destination directory" executed="True" result="Success" success="True" time="0.0018234" asserts="0" /> <test-case name="should extract files from the archive" executed="True" result="Success" success="True" time="0.0082424" asserts="0" /> <test-case name="should throw an exception" executed="True" result="Success" success="True" time="0.0224409" asserts="0" /> <test-case name="should throw an exception" executed="True" result="Success" success="True" time="0.007482" asserts="0" /> <test-case name="should not return an error" executed="True" result="Success" success="True" time="0.0069755" asserts="0" /> <test-case name="should extract files from the archive" executed="True" result="Success" success="True" time="0.0017673" asserts="0" /> <test-case name="should not return an error" executed="True" result="Success" success="True" time="0.0009668" asserts="0" /> <test-case name="should extract files from the archive" executed="True" result="Success" success="True" time="0.00159" asserts="0" /> 	</results> </test-suite> <test-suite type="Powershell" name="Get-ConfigValue" executed="True" result="Success" success="True" time="0.1680198" asserts="0"> <results> 		<test-case name="should not be null" executed="True" result="Success" success="True" time="0.0122575" asserts="0" /> <test-case name="should return the result of what we specified" executed="True" result="Success" success="True" time="0.0011395" asserts="0" /> <test-case name="should not be null" executed="True" result="Success" success="True" time="0.0199366" asserts="0" /> <test-case name="should return a type of what we specified" executed="True" result="Success" success="True" time="0.0382275" asserts="0" /> <test-case name="should contain the same number of sources as specified" executed="True" result="Success" success="True" time="0.0430676" asserts="0" /> <test-case name="should contain source IDs that are not null or empty" executed="True" result="Success" success="True" time="0.0204068" asserts="0" /> <test-case name="should contain source values that are not null or empty" executed="True" result="Success" success="True" time="0.0122012" asserts="0" /> <test-case name="should contain a source for chocolatey" executed="True" result="Success" success="True" time="0.0207831" asserts="0" /> 	</results> </test-suite> <test-suite type="Powershell" name="Get-LongPackageVersion" executed="True" result="Success" success="True" time="0.0154494" asserts="0"> <results> 		<test-case name="should return a long version string with 12 fields of padding back" executed="True" result="Success" success="True" time="0.0067448" asserts="0" /> <test-case name="should not error" executed="True" result="Success" success="True" time="0.000134" asserts="0" /> <test-case name="should return a long version string that includes all of the date string" executed="True" result="Success" success="True" time="0.0008531" asserts="0" /> <test-case name="should not error" executed="True" result="Success" success="True" time="0.0001433" asserts="0" /> <test-case name="should return a long version string that includes the prerelease information as the last element" executed="True" result="Success" success="True" time="0.0066395" asserts="0" /> <test-case name="should not error" executed="True" result="Success" success="True" time="0.0001399" asserts="0" /> <test-case name="should return a long version string that includes the prerelease information as the last element" executed="True" result="Success" success="True" time="0.0007948" asserts="0" /> 	</results> </test-suite> <test-suite type="Powershell" name="Get-PackageFoldersForPackage" executed="True" result="Success" success="True" time="0.0567758" asserts="0"> <results> 		<test-case name="should find that the folder path actually exists" executed="True" result="Success" success="True" time="0.0087635" asserts="0" /> <test-case name="should return a package folder back" executed="True" result="Success" success="True" time="0.0226267" asserts="0" /> <test-case name="should not error" executed="True" result="Success" success="True" time="0.0001304" asserts="0" /> <test-case name="should return a package folder back" executed="True" result="Success" success="True" time="0.0008621" asserts="0" /> <test-case name="should not error" executed="True" result="Success" success="True" time="0.0001454" asserts="0" /> <test-case name="should return a package folder back" executed="True" result="Success" success="True" time="0.0007783" asserts="0" /> <test-case name="should not error" executed="True" result="Success" success="True" time="0.0001292" asserts="0" /> <test-case name="should return a package folder back" executed="True" result="Success" success="True" time="0.0007751" asserts="0" /> <test-case name="should return multiple package folders back" executed="True" result="Success" success="True" time="0.0133499" asserts="0" /> <test-case name="should return multiple package folders back" executed="True" result="Success" success="True" time="0.001446" asserts="0" /> <test-case name="should not return the package that is not the same name" executed="True" result="Success" success="True" time="0.0077692" asserts="0" /> 	</results> </test-suite> <test-suite type="Powershell" name="Get-PackageFolderVersion" executed="True" result="Success" success="True" time="0.0186444" asserts="0"> <results> 		<test-case name="should return the output of Get-VersionsForComparison" executed="True" result="Success" success="True" time="0.0186444" asserts="0" /> 	</results> </test-suite> <test-suite type="Powershell" name="Get-ProcessorBits" executed="True" result="Success" success="True" time="0.0145071" asserts="0"> <results> 		<test-case name="should return the correct bitness" executed="True" result="Success" success="True" time="0.0009493" asserts="0" /> <test-case name="should return true" executed="True" result="Success" success="True" time="0.0066745" asserts="0" /> <test-case name="should return false" executed="True" result="Success" success="True" time="0.0068833" asserts="0" /> 	</results> </test-suite> <test-suite type="Powershell" name="Get-VersionsForComparison" executed="True" result="Success" success="True" time="0.051413" asserts="0"> <results> 		<test-case name="should call Get-LongPackageVersion" executed="True" result="Success" success="True" time="0.0009466" asserts="0" /> <test-case name="should have one item returned" executed="True" result="Success" success="True" time="0.0010755" asserts="0" /> <test-case name="should return both versions back as the first element in a hash" executed="True" result="Success" success="True" time="0.0116383" asserts="0" /> <test-case name="should return the short version back as the value of the first element in the hash" executed="True" result="Success" success="True" time="0.0010738" asserts="0" /> <test-case name="should work appropriately" executed="True" result="Success" success="True" time="0.0001389" asserts="0" /> <test-case name="should only have one item returned" executed="True" result="Success" success="True" time="0.0063498" asserts="0" /> <test-case name="should work appropriately" executed="True" result="Success" success="True" time="0.000144" asserts="0" /> <test-case name="should return versions in the first element" executed="True" result="Success" success="True" time="0.011607" asserts="0" /> <test-case name="should work appropriately" executed="True" result="Success" success="True" time="0.0001364" asserts="0" /> <test-case name="should return the long version of the first short version" executed="True" result="Success" success="True" time="0.0012564" asserts="0" /> <test-case name="should return the long version of the second short version" executed="True" result="Success" success="True" time="0.0170463" asserts="0" /> 	</results> </test-suite> <test-suite type="Powershell" name="Initialize-Chocolatey" executed="True" result="Success" success="True" time="1.0577998" asserts="0"> <results> 		<test-case name="should create installation directory" executed="True" result="Success" success="True" time="0.0073987" asserts="0" /> <test-case name="should create expected subdirectories" executed="True" result="Success" success="True" time="0.0101818" asserts="0" /> <test-case name="should copy files to expected locations" executed="True" result="Success" success="True" time="0.0100525" asserts="0" /> <test-case name="should create ChocolateyInstall at Process scope" executed="True" result="Success" success="True" time="0.010817" asserts="0" /> <test-case name="should not ChocolateyInstall at User scope" executed="True" result="Success" success="True" time="0.0393892" asserts="0" /> <test-case name="should create ChocolateyInstall at Machine scope" executed="True" result="Success" success="True" time="0.0016424" asserts="0" /> <test-case name="should create installation directory" executed="True" result="Success" success="True" time="0.0015189" asserts="0" /> <test-case name="should create expected subdirectories" executed="True" result="Success" success="True" time="0.0102377" asserts="0" /> <test-case name="should copy files to expected locations" executed="True" result="Success" success="True" time="0.0098918" asserts="0" /> <test-case name="should create ChocolateyInstall at Process scope" executed="True" result="Success" success="True" time="0.0081146" asserts="0" /> <test-case name="should not ChocolateyInstall at User scope" executed="True" result="Success" success="True" time="0.0016637" asserts="0" /> <test-case name="should create ChocolateyInstall at Machine scope" executed="True" result="Success" success="True" time="0.0076994" asserts="0" /> <test-case name="should create installation directory" executed="True" result="Success" success="True" time="0.0014875" asserts="0" /> <test-case name="should create expected subdirectories" executed="True" result="Success" success="True" time="0.0102964" asserts="0" /> <test-case name="should copy files to expected locations" executed="True" result="Success" success="True" time="0.0100195" asserts="0" /> <test-case name="should preserve value of ChocolateyInstall at Process scope" executed="True" result="Success" success="True" time="0.0019719" asserts="0" /> <test-case name="should not create ChocolateyInstall at User scope" executed="True" result="Success" success="True" time="0.0074399" asserts="0" /> <test-case name="should create ChocolateyInstall at Machine scope" executed="True" result="Success" success="True" time="0.0013691" asserts="0" /> <test-case name="should create installation directory" executed="True" result="Success" success="True" time="0.0073592" asserts="0" /> <test-case name="should create expected subdirectories" executed="True" result="Success" success="True" time="0.0175892" asserts="0" /> <test-case name="should copy files to expected locations" executed="True" result="Success" success="True" time="0.0098281" asserts="0" /> <test-case name="should preserve value of ChocolateyInstall at Process scope" executed="True" result="Success" success="True" time="0.0078259" asserts="0" /> <test-case name="should not create ChocolateyInstall at User scope" executed="True" result="Success" success="True" time="0.0014843" asserts="0" /> <test-case name="should not create ChocolateyInstall at Machine scope" executed="True" result="Success" success="True" time="0.0074449" asserts="0" /> <test-case name="should create installation directory" executed="True" result="Success" success="True" time="0.0014838" asserts="0" /> <test-case name="should create expected subdirectories" executed="True" result="Success" success="True" time="0.0096656" asserts="0" /> <test-case name="should copy files to expected locations" executed="True" result="Success" success="True" time="0.0097712" asserts="0" /> <test-case name="should preserve value of ChocolateyInstall at Process scope" executed="True" result="Success" success="True" time="0.0019344" asserts="0" /> <test-case name="should not create ChocolateyInstall at User scope" executed="True" result="Success" success="True" time="0.0015978" asserts="0" /> <test-case name="should preserve value of ChocolateyInstall at Machine scope" executed="True" result="Success" success="True" time="0.0013134" asserts="0" /> <test-case name="should create installation directory" executed="True" result="Success" success="True" time="0.0015166" asserts="0" /> <test-case name="should create expected subdirectories" executed="True" result="Success" success="True" time="0.0096611" asserts="0" /> <test-case name="should copy files to expected locations" executed="True" result="Success" success="True" time="0.0097874" asserts="0" /> <test-case name="should preserve value of ChocolateyInstall at Process scope" executed="True" result="Success" success="True" time="0.0102953" asserts="0" /> <test-case name="should preserve value of ChocolateyInstall at User scope" executed="True" result="Success" success="True" time="0.001527" asserts="0" /> <test-case name="should not create ChocolateyInstall at Machine scope" executed="True" result="Success" success="True" time="0.0100226" asserts="0" /> <test-case name="should create installation directory" executed="True" result="Success" success="True" time="0.0073291" asserts="0" /> <test-case name="should create expected subdirectories" executed="True" result="Success" success="True" time="0.0096586" asserts="0" /> <test-case name="should copy files to expected locations" executed="True" result="Success" success="True" time="0.0096855" asserts="0" /> <test-case name="should preserve value of ChocolateyInstall at Process scope" executed="True" result="Success" success="True" time="0.0022817" asserts="0" /> <test-case name="should not create ChocolateyInstall at User scope" executed="True" result="Success" success="True" time="0.0023634" asserts="0" /> <test-case name="should not create ChocolateyInstall at Machine scope" executed="True" result="Success" success="True" time="0.0072661" asserts="0" /> <test-case name="should create installation directory" executed="True" result="Success" success="True" time="0.001519" asserts="0" /> <test-case name="should create expected subdirectories" executed="True" result="Success" success="True" time="0.0104773" asserts="0" /> <test-case name="should copy files to expected locations" executed="True" result="Success" success="True" time="0.0112105" asserts="0" /> <test-case name="should preserve value of ChocolateyInstall at Process scope" executed="True" result="Success" success="True" time="0.0077416" asserts="0" /> <test-case name="should preserve value of ChocolateyInstall at User scope" executed="True" result="Success" success="True" time="0.0070679" asserts="0" /> <test-case name="should preserve value of ChocolateyInstall at Machine scope" executed="True" result="Success" success="True" time="0.0013038" asserts="0" /> <test-case name="should create installation directory" executed="True" result="Success" success="True" time="0.0072443" asserts="0" /> <test-case name="should create expected subdirectories" executed="True" result="Success" success="True" time="0.0096483" asserts="0" /> <test-case name="should copy files to expected locations" executed="True" result="Success" success="True" time="0.0097111" asserts="0" /> <test-case name="should preserve value of ChocolateyInstall at Process scope" executed="True" result="Success" success="True" time="0.0019058" asserts="0" /> <test-case name="should preserve value of ChocolateyInstall at User scope" executed="True" result="Success" success="True" time="0.0013432" asserts="0" /> <test-case name="should preserve value of ChocolateyInstall at Machine scope" executed="True" result="Success" success="True" time="0.0073779" asserts="0" /> <test-case name="should create installation directory" executed="True" result="Success" success="True" time="0.007334" asserts="0" /> <test-case name="should create expected subdirectories" executed="True" result="Success" success="True" time="0.0101045" asserts="0" /> <test-case name="should copy files to expected locations" executed="True" result="Success" success="True" time="0.0098244" asserts="0" /> <test-case name="should preserve value of ChocolateyInstall at Process scope" executed="True" result="Success" success="True" time="0.0077113" asserts="0" /> <test-case name="should not create ChocolateyInstall at User scope" executed="True" result="Success" success="True" time="0.0073497" asserts="0" /> <test-case name="should preserve value of ChocolateyInstall at Machine scope" executed="True" result="Success" success="True" time="0.0072647" asserts="0" /> <test-case name="should create installation directory" executed="True" result="Success" success="True" time="0.0072536" asserts="0" /> <test-case name="should create expected subdirectories" executed="True" result="Success" success="True" time="0.0096638" asserts="0" /> <test-case name="should copy files to expected locations" executed="True" result="Success" success="True" time="0.0100626" asserts="0" /> <test-case name="should preserve value of ChocolateyInstall at Process scope" executed="True" result="Success" success="True" time="0.0081075" asserts="0" /> <test-case name="should preserve value of ChocolateyInstall at User scope" executed="True" result="Success" success="True" time="0.0019023" asserts="0" /> <test-case name="should not create ChocolateyInstall at Machine scope" executed="True" result="Success" success="True" time="0.0015163" asserts="0" /> <test-case name="should add bin to PATH at Process scope" executed="True" result="Success" success="True" time="0.0155991" asserts="0" /> <test-case name="should not add bin to PATH at User scope" executed="True" result="Success" success="True" time="0.0087251" asserts="0" /> <test-case name="should add bin to PATH at Machine scope" executed="True" result="Success" success="True" time="0.01044" asserts="0" /> <test-case name="should retain bin on PATH at Process scope" executed="True" result="Success" success="True" time="0.0109768" asserts="0" /> <test-case name="should not add bin to PATH at User scope" executed="True" result="Success" success="True" time="0.00761" asserts="0" /> <test-case name="should retain bin on PATH at Machine scope" executed="True" result="Success" success="True" time="0.010109" asserts="0" /> <test-case name="should retain bin on PATH at Process scope" executed="True" result="Success" success="True" time="0.0110377" asserts="0" /> <test-case name="should retain bin on PATH at User scope" executed="True" result="Success" success="True" time="0.0083576" asserts="0" /> <test-case name="should not add bin to PATH at Machine scope" executed="True" result="Success" success="True" time="0.0175906" asserts="0" /> <test-case name="should create installation directory" executed="True" result="Success" success="True" time="0.0017122" asserts="0" /> <test-case name="should create expected subdirectories" executed="True" result="Success" success="True" time="0.0094934" asserts="0" /> <test-case name="should copy files to expected locations" executed="True" result="Success" success="True" time="0.009541" asserts="0" /> <test-case name="should create ChocolateyInstall at Process scope" executed="True" result="Success" success="True" time="0.0020401" asserts="0" /> <test-case name="should create ChocolateyInstall at User scope" executed="True" result="Success" success="True" time="0.0017126" asserts="0" /> <test-case name="should not create ChocolateyInstall at Machine scope" executed="True" result="Success" success="True" time="0.0017079" asserts="0" /> <test-case name="should create installation directory" executed="True" result="Success" success="True" time="0.0014877" asserts="0" /> <test-case name="should create expected subdirectories" executed="True" result="Success" success="True" time="0.010408" asserts="0" /> <test-case name="should copy files to expected locations" executed="True" result="Success" success="True" time="0.0097557" asserts="0" /> <test-case name="should create ChocolateyInstall at Process scope" executed="True" result="Success" success="True" time="0.0077684" asserts="0" /> <test-case name="should create ChocolateyInstall at User scope" executed="True" result="Success" success="True" time="0.0015944" asserts="0" /> <test-case name="should not create ChocolateyInstall at Machine scope" executed="True" result="Success" success="True" time="0.0014525" asserts="0" /> <test-case name="should create installation directory" executed="True" result="Success" success="True" time="0.0014831" asserts="0" /> <test-case name="should create expected subdirectories" executed="True" result="Success" success="True" time="0.0095781" asserts="0" /> <test-case name="should copy files to expected locations" executed="True" result="Success" success="True" time="0.0097637" asserts="0" /> <test-case name="should preserve value of ChocolateyInstall at Process scope" executed="True" result="Success" success="True" time="0.0021891" asserts="0" /> <test-case name="should create ChocolateyInstall at User scope" executed="True" result="Success" success="True" time="0.0071712" asserts="0" /> <test-case name="should not create ChocolateyInstall at Machine scope" executed="True" result="Success" success="True" time="0.007199" asserts="0" /> <test-case name="should create installation directory" executed="True" result="Success" success="True" time="0.0016016" asserts="0" /> <test-case name="should create expected subdirectories" executed="True" result="Success" success="True" time="0.0095699" asserts="0" /> <test-case name="should copy files to expected locations" executed="True" result="Success" success="True" time="0.0180847" asserts="0" /> <test-case name="should preserve value of ChocolateyInstall at Process scope" executed="True" result="Success" success="True" time="0.0078919" asserts="0" /> <test-case name="should not create ChocolateyInstall at User scope" executed="True" result="Success" success="True" time="0.0014384" asserts="0" /> <test-case name="should not create ChocolateyInstall at Machine scope" executed="True" result="Success" success="True" time="0.0071814" asserts="0" /> <test-case name="should create installation directory" executed="True" result="Success" success="True" time="0.0014721" asserts="0" /> <test-case name="should create expected subdirectories" executed="True" result="Success" success="True" time="0.0096791" asserts="0" /> <test-case name="should copy files to expected locations" executed="True" result="Success" success="True" time="0.0096766" asserts="0" /> <test-case name="should preserve value of ChocolateyInstall at Process scope" executed="True" result="Success" success="True" time="0.0020795" asserts="0" /> <test-case name="should not create ChocolateyInstall at User scope" executed="True" result="Success" success="True" time="0.0014648" asserts="0" /> <test-case name="should preserve value of ChocolateyInstall at Machine scope" executed="True" result="Success" success="True" time="0.0072189" asserts="0" /> <test-case name="should create installation directory" executed="True" result="Success" success="True" time="0.0015163" asserts="0" /> <test-case name="should create expected subdirectories" executed="True" result="Success" success="True" time="0.0101557" asserts="0" /> <test-case name="should copy files to expected locations" executed="True" result="Success" success="True" time="0.0040428" asserts="0" /> <test-case name="should preserve value of ChocolateyInstall at Process scope" executed="True" result="Success" success="True" time="0.0019918" asserts="0" /> <test-case name="should preserve value of ChocolateyInstall at User scope" executed="True" result="Success" success="True" time="0.0013939" asserts="0" /> <test-case name="should not create ChocolateyInstall at Machine scope" executed="True" result="Success" success="True" time="0.0072361" asserts="0" /> <test-case name="should create installation directory" executed="True" result="Success" success="True" time="0.0014571" asserts="0" /> <test-case name="should create expected subdirectories" executed="True" result="Success" success="True" time="0.0098325" asserts="0" /> <test-case name="should copy files to expected locations" executed="True" result="Success" success="True" time="0.0097028" asserts="0" /> <test-case name="should preserve value of ChocolateyInstall at Process scope" executed="True" result="Success" success="True" time="0.0079106" asserts="0" /> <test-case name="should not create ChocolateyInstall at User scope" executed="True" result="Success" success="True" time="0.0096421" asserts="0" /> <test-case name="should not create ChocolateyInstall at Machine scope" executed="True" result="Success" success="True" time="0.0015551" asserts="0" /> <test-case name="should create installation directory" executed="True" result="Success" success="True" time="0.0014588" asserts="0" /> <test-case name="should create expected subdirectories" executed="True" result="Success" success="True" time="0.00961" asserts="0" /> <test-case name="should copy files to expected locations" executed="True" result="Success" success="True" time="0.0103577" asserts="0" /> <test-case name="should preserve value of ChocolateyInstall at Process scope" executed="True" result="Success" success="True" time="0.0077739" asserts="0" /> <test-case name="should preserve value of ChocolateyInstall at User scope" executed="True" result="Success" success="True" time="0.0071299" asserts="0" /> <test-case name="should preserve value of ChocolateyInstall at Machine scope" executed="True" result="Success" success="True" time="0.0013332" asserts="0" /> <test-case name="should create installation directory" executed="True" result="Success" success="True" time="0.0070289" asserts="0" /> <test-case name="should create expected subdirectories" executed="True" result="Success" success="True" time="0.0097081" asserts="0" /> <test-case name="should copy files to expected locations" executed="True" result="Success" success="True" time="0.0102655" asserts="0" /> <test-case name="should preserve value of ChocolateyInstall at Process scope" executed="True" result="Success" success="True" time="0.0019474" asserts="0" /> <test-case name="should preserve value of ChocolateyInstall at User scope" executed="True" result="Success" success="True" time="0.0013293" asserts="0" /> <test-case name="should preserve value of ChocolateyInstall at Machine scope" executed="True" result="Success" success="True" time="0.0012621" asserts="0" /> <test-case name="should create installation directory" executed="True" result="Success" success="True" time="0.0073004" asserts="0" /> <test-case name="should create expected subdirectories" executed="True" result="Success" success="True" time="0.0106389" asserts="0" /> <test-case name="should copy files to expected locations" executed="True" result="Success" success="True" time="0.0095431" asserts="0" /> <test-case name="should preserve value of ChocolateyInstall at Process scope" executed="True" result="Success" success="True" time="0.0019028" asserts="0" /> <test-case name="should not create ChocolateyInstall at User scope" executed="True" result="Success" success="True" time="0.0014357" asserts="0" /> <test-case name="should preserve value of ChocolateyInstall at Machine scope" executed="True" result="Success" success="True" time="0.0012646" asserts="0" /> <test-case name="should create installation directory" executed="True" result="Success" success="True" time="0.0073123" asserts="0" /> <test-case name="should create expected subdirectories" executed="True" result="Success" success="True" time="0.0095364" asserts="0" /> <test-case name="should copy files to expected locations" executed="True" result="Success" success="True" time="0.0178958" asserts="0" /> <test-case name="should preserve value of ChocolateyInstall at Process scope" executed="True" result="Success" success="True" time="0.0021584" asserts="0" /> <test-case name="should preserve value of ChocolateyInstall at User scope" executed="True" result="Success" success="True" time="0.0095961" asserts="0" /> <test-case name="should not create ChocolateyInstall at Machine scope" executed="True" result="Success" success="True" time="0.007302" asserts="0" /> <test-case name="should add bin to PATH at Process scope" executed="True" result="Success" success="True" time="0.0167473" asserts="0" /> <test-case name="should add bin to PATH at User scope" executed="True" result="Success" success="True" time="0.0078633" asserts="0" /> <test-case name="should not add bin to PATH at Machine scope" executed="True" result="Success" success="True" time="0.0163957" asserts="0" /> <test-case name="should retain bin on PATH at Process scope" executed="True" result="Success" success="True" time="0.0106817" asserts="0" /> <test-case name="should not add bin to PATH at User scope" executed="True" result="Success" success="True" time="0.0018805" asserts="0" /> <test-case name="should retain bin on PATH at Machine scope" executed="True" result="Success" success="True" time="0.0102028" asserts="0" /> <test-case name="should retain bin on PATH at Process scope" executed="True" result="Success" success="True" time="0.0107192" asserts="0" /> <test-case name="should retain bin on PATH at User scope" executed="True" result="Success" success="True" time="0.0021083" asserts="0" /> <test-case name="should not add bin to PATH at Machine scope" executed="True" result="Success" success="True" time="0.0112804" asserts="0" /> 	</results> </test-suite> <test-suite type="Powershell" name="Install-ChocolateyDesktopLink" executed="True" result="Success" success="True" time="0.0280077" asserts="0"> <results> 		<test-case name="should return an error" executed="True" result="Success" success="True" time="0.0091922" asserts="0" /> <test-case name="should return an error" executed="True" result="Success" success="True" time="0.0177915" asserts="0" /> <test-case name="should succeed, and desktop shortcut is created." executed="True" result="Success" success="True" time="0.001024" asserts="0" /> 	</results> </test-suite> <test-suite type="Powershell" name="Install-ChocolateyInstallPackage" executed="True" result="Success" success="True" time="0.0205902" asserts="0"> <results> 		<test-case name="should be installed" executed="True" result="Success" success="True" time="0.0205902" asserts="0" /> 	</results> </test-suite> <test-suite type="Powershell" name="Install-ChocolateyShortcut" executed="True" result="Success" success="True" time="0.0554408" asserts="0"> <results> 		<test-case name="should return an error" executed="True" result="Success" success="True" time="0.0114168" asserts="0" /> <test-case name="should return an error" executed="True" result="Success" success="True" time="0.0096578" asserts="0" /> <test-case name="should return an error" executed="True" result="Success" success="True" time="0.0083751" asserts="0" /> <test-case name="should return an error" executed="True" result="Success" success="True" time="0.0094704" asserts="0" /> <test-case name="should return an error" executed="True" result="Success" success="True" time="0.015427" asserts="0" /> <test-case name="should succeed." executed="True" result="Success" success="True" time="0.0007953" asserts="0" /> <test-case name="should succeed." executed="True" result="Success" success="True" time="0.0002984" asserts="0" /> 	</results> </test-suite> <test-suite type="Powershell" name="Install-ChocolateyVsixPackage" executed="True" result="Success" success="True" time="0.0984387" asserts="0"> <results> 		<test-case name="should install for version 11" executed="True" result="Success" success="True" time="0.0098754" asserts="0" /> <test-case name="should install for version 10" executed="True" result="Success" success="True" time="0.0103148" asserts="0" /> <test-case name="should install for version 10 if 10 is specified" executed="True" result="Success" success="True" time="0.0176406" asserts="0" /> <test-case name="should fail" executed="True" result="Success" success="True" time="0.0100115" asserts="0" /> <test-case name="should fail" executed="True" result="Success" success="True" time="0.0083705" asserts="0" /> <test-case name="should fail" executed="True" result="Success" success="True" time="0.0096886" asserts="0" /> <test-case name="should fail" executed="True" result="Success" success="True" time="0.0095189" asserts="0" /> <test-case name="should fail" executed="True" result="Success" success="True" time="0.0098664" asserts="0" /> <test-case name="should succeed" executed="True" result="Success" success="True" time="0.0033208" asserts="0" /> <test-case name="should remove spaces" executed="True" result="Success" success="True" time="0.0098312" asserts="0" /> 	</results> </test-suite> <test-suite type="Powershell" name="Run-ChocolateyPS1" executed="True" result="Success" success="True" time="0.0010412" asserts="0"> <results> 		<test-case name="should set chocolateyInstallArguments env var to Installer Arguments" executed="True" result="Success" success="True" time="0.0010412" asserts="0" /> 	</results> </test-suite> <test-suite type="Powershell" name="Update-SessionEnvironment" executed="True" result="Success" success="True" time="0.0184288" asserts="0"> <results> 		<test-case name="should properly refresh MACHINE variables set outside this session" executed="True" result="Success" success="True" time="0.0163105" asserts="0" /> <test-case name="should properly refresh USER variables set outside this session overriding Machine vars with same key" executed="True" result="Success" success="True" time="0.0011789" asserts="0" /> <test-case name="should properly refresh the PATH variable concatenating MACHINE and USER" executed="True" result="Success" success="True" time="0.0009394" asserts="0" /> 	</results> </test-suite>
</test-results>
